{"name":"feedbackPageTest","status":"failed","statusDetails":{"known":false,"muted":false,"flaky":false,"message":"Element not found {By.cssSelector: select[name='themeId'] > option[3]}\nExpected: visible\nScreenshot: file:/home/kir/Рабочий%20стол/MyBestExample/ui/build/reports/tests/1642445214781.2.png\nPage source: file:/home/kir/Рабочий%20стол/MyBestExample/ui/build/reports/tests/1642445214781.2.xml\nTimeout: 4 s.\nCaused by: java.lang.IndexOutOfBoundsException: Index: 3, Size: 0","trace":"Element not found {By.cssSelector: select[name='themeId'] > option[3]}\nExpected: visible\nScreenshot: file:/home/kir/Рабочий%20стол/MyBestExample/ui/build/reports/tests/1642445214781.2.png\nPage source: file:/home/kir/Рабочий%20стол/MyBestExample/ui/build/reports/tests/1642445214781.2.xml\nTimeout: 4 s.\nCaused by: java.lang.IndexOutOfBoundsException: Index: 3, Size: 0\n\tat com.codeborne.selenide.impl.CollectionElement.createElementNotFoundError(CollectionElement.java:61)\n\tat com.codeborne.selenide.impl.WebElementSource.checkCondition(WebElementSource.java:108)\n\tat com.codeborne.selenide.impl.WebElementSource.findAndAssertElementIsInteractable(WebElementSource.java:133)\n\tat com.codeborne.selenide.commands.Click.execute(Click.java:22)\n\tat com.codeborne.selenide.commands.Click.execute(Click.java:15)\n\tat com.codeborne.selenide.commands.Commands.execute(Commands.java:154)\n\tat com.codeborne.selenide.impl.SelenideElementProxy.dispatchAndRetry(SelenideElementProxy.java:128)\n\tat com.codeborne.selenide.impl.SelenideElementProxy.invoke(SelenideElementProxy.java:80)\n\tat com.sun.proxy.$Proxy9.click(Unknown Source)\n\tat selenide.pages.FeedbackPage.selectTheme(FeedbackPage.java:52)\n\tat selenide.FeedbackPageTest.feedbackPageTest(FeedbackPageTest.java:28)\n\tat sun.reflect.NativeMethodAccessorImpl.invoke0(Native Method)\n\tat sun.reflect.NativeMethodAccessorImpl.invoke(NativeMethodAccessorImpl.java:62)\n\tat sun.reflect.DelegatingMethodAccessorImpl.invoke(DelegatingMethodAccessorImpl.java:43)\n\tat java.lang.reflect.Method.invoke(Method.java:498)\n\tat org.testng.internal.MethodInvocationHelper.invokeMethod(MethodInvocationHelper.java:124)\n\tat org.testng.internal.Invoker.invokeMethod(Invoker.java:583)\n\tat org.testng.internal.Invoker.invokeTestMethod(Invoker.java:719)\n\tat org.testng.internal.Invoker.invokeTestMethods(Invoker.java:989)\n\tat org.testng.internal.TestMethodWorker.invokeTestMethods(TestMethodWorker.java:125)\n\tat org.testng.internal.TestMethodWorker.run(TestMethodWorker.java:109)\n\tat org.testng.TestRunner.privateRun(TestRunner.java:648)\n\tat org.testng.TestRunner.run(TestRunner.java:505)\n\tat org.testng.SuiteRunner.runTest(SuiteRunner.java:455)\n\tat org.testng.SuiteRunner.runSequentially(SuiteRunner.java:450)\n\tat org.testng.SuiteRunner.privateRun(SuiteRunner.java:415)\n\tat org.testng.SuiteRunner.run(SuiteRunner.java:364)\n\tat org.testng.SuiteRunnerWorker.runSuite(SuiteRunnerWorker.java:52)\n\tat org.testng.SuiteRunnerWorker.run(SuiteRunnerWorker.java:84)\n\tat org.testng.TestNG.runSuitesSequentially(TestNG.java:1208)\n\tat org.testng.TestNG.runSuitesLocally(TestNG.java:1137)\n\tat org.testng.TestNG.runSuites(TestNG.java:1049)\n\tat org.testng.TestNG.run(TestNG.java:1017)\n\tat com.intellij.rt.testng.IDEARemoteTestNG.run(IDEARemoteTestNG.java:66)\n\tat com.intellij.rt.testng.RemoteTestNGStarter.main(RemoteTestNGStarter.java:109)\nCaused by: java.lang.IndexOutOfBoundsException: Index: 3, Size: 0\n\tat java.util.ArrayList.rangeCheck(ArrayList.java:659)\n\tat java.util.ArrayList.get(ArrayList.java:435)\n\tat com.codeborne.selenide.impl.BySelectorCollection.getElement(BySelectorCollection.java:51)\n\tat com.codeborne.selenide.impl.CollectionElement.getWebElement(CollectionElement.java:46)\n\tat com.codeborne.selenide.impl.WebElementSource.checkCondition(WebElementSource.java:93)\n\t... 33 more\n"},"stage":"finished","steps":[],"attachments":[],"parameters":[],"start":1642445210762,"stop":1642445214986,"uuid":"803bf237-7b2b-415a-af3c-800b5a22b20e","historyId":"bd3d3cb07fa78748f3cab5e1bce8dfb8","fullName":"selenide.FeedbackPageTest.feedbackPageTest","labels":[{"name":"package","value":"selenide.FeedbackPageTest"},{"name":"testClass","value":"selenide.FeedbackPageTest"},{"name":"testMethod","value":"feedbackPageTest"},{"name":"parentSuite","value":"Acceptance UI testing"},{"name":"suite","value":"Selenide"},{"name":"subSuite","value":"selenide.FeedbackPageTest"},{"name":"host","value":"Kir-Aspire-A515-44"},{"name":"thread","value":"7194@Kir-Aspire-A515-44.main(1)"},{"name":"framework","value":"testng"},{"name":"language","value":"java"}],"links":[]}