{"name":"chromeSelenideTest","status":"failed","statusDetails":{"known":false,"muted":false,"flaky":false,"message":"Alert not found\nScreenshot: file:/home/kir/Рабочий%20стол/MyBestExample/mobile/build/reports/tests/1642426816954.0.png\nPage source: file:/home/kir/Рабочий%20стол/MyBestExample/mobile/build/reports/tests/1642426816954.0.xml\nTimeout: 4 s.\nCaused by: TimeoutException: Expected condition failed: waiting for alert to be present (tried for 4 second(s) with 200 milliseconds interval)","trace":"Alert not found\nScreenshot: file:/home/kir/Рабочий%20стол/MyBestExample/mobile/build/reports/tests/1642426816954.0.png\nPage source: file:/home/kir/Рабочий%20стол/MyBestExample/mobile/build/reports/tests/1642426816954.0.xml\nTimeout: 4 s.\nCaused by: TimeoutException: Expected condition failed: waiting for alert to be present (tried for 4 second(s) with 200 milliseconds interval)\n\tat com.codeborne.selenide.SelenideTargetLocator.alertNotFoundError(SelenideTargetLocator.java:249)\n\tat com.codeborne.selenide.SelenideTargetLocator.alert(SelenideTargetLocator.java:133)\n\tat selenide.browser.ChromeSelenideTest.chromeSelenideTest(ChromeSelenideTest.java:18)\n\tat sun.reflect.NativeMethodAccessorImpl.invoke0(Native Method)\n\tat sun.reflect.NativeMethodAccessorImpl.invoke(NativeMethodAccessorImpl.java:62)\n\tat sun.reflect.DelegatingMethodAccessorImpl.invoke(DelegatingMethodAccessorImpl.java:43)\n\tat java.lang.reflect.Method.invoke(Method.java:498)\n\tat org.testng.internal.MethodInvocationHelper.invokeMethod(MethodInvocationHelper.java:124)\n\tat org.testng.internal.Invoker.invokeMethod(Invoker.java:583)\n\tat org.testng.internal.Invoker.invokeTestMethod(Invoker.java:719)\n\tat org.testng.internal.Invoker.invokeTestMethods(Invoker.java:989)\n\tat org.testng.internal.TestMethodWorker.invokeTestMethods(TestMethodWorker.java:125)\n\tat org.testng.internal.TestMethodWorker.run(TestMethodWorker.java:109)\n\tat org.testng.TestRunner.privateRun(TestRunner.java:648)\n\tat org.testng.TestRunner.run(TestRunner.java:505)\n\tat org.testng.SuiteRunner.runTest(SuiteRunner.java:455)\n\tat org.testng.SuiteRunner.runSequentially(SuiteRunner.java:450)\n\tat org.testng.SuiteRunner.privateRun(SuiteRunner.java:415)\n\tat org.testng.SuiteRunner.run(SuiteRunner.java:364)\n\tat org.testng.SuiteRunnerWorker.runSuite(SuiteRunnerWorker.java:52)\n\tat org.testng.SuiteRunnerWorker.run(SuiteRunnerWorker.java:84)\n\tat org.testng.TestNG.runSuitesSequentially(TestNG.java:1208)\n\tat org.testng.TestNG.runSuitesLocally(TestNG.java:1137)\n\tat org.testng.TestNG.runSuites(TestNG.java:1049)\n\tat org.testng.TestNG.run(TestNG.java:1017)\n\tat com.intellij.rt.testng.IDEARemoteTestNG.run(IDEARemoteTestNG.java:66)\n\tat com.intellij.rt.testng.RemoteTestNGStarter.main(RemoteTestNGStarter.java:109)\nCaused by: org.openqa.selenium.TimeoutException: Expected condition failed: waiting for alert to be present (tried for 4 second(s) with 200 milliseconds interval)\nBuild info: version: '3.141.59', revision: 'e82be7d358', time: '2018-11-14T08:17:03'\nSystem info: host: 'Kir-Aspire-A515-44', ip: '127.0.1.1', os.name: 'Linux', os.arch: 'amd64', os.version: '5.11.0-46-generic', java.version: '1.8.0_312'\nDriver info: driver.version: unknown\n\tat org.openqa.selenium.support.ui.FluentWait.timeoutException(FluentWait.java:304)\n\tat org.openqa.selenium.support.ui.FluentWait.until(FluentWait.java:272)\n\tat com.codeborne.selenide.SelenideTargetLocator.alert(SelenideTargetLocator.java:130)\n\t... 25 more\n"},"stage":"finished","steps":[],"attachments":[],"parameters":[],"start":1642426805698,"stop":1642426817652,"uuid":"5803ccb9-536c-4dc0-bf9a-5191dce94504","historyId":"4000e20162d4ac53490083087e2fdacb","fullName":"selenide.browser.ChromeSelenideTest.chromeSelenideTest","labels":[{"name":"package","value":"selenide.browser.ChromeSelenideTest"},{"name":"testClass","value":"selenide.browser.ChromeSelenideTest"},{"name":"testMethod","value":"chromeSelenideTest"},{"name":"parentSuite","value":"Default Suite"},{"name":"suite","value":"MyBestExample"},{"name":"subSuite","value":"selenide.browser.ChromeSelenideTest"},{"name":"host","value":"Kir-Aspire-A515-44"},{"name":"thread","value":"19322@Kir-Aspire-A515-44.main(1)"},{"name":"framework","value":"testng"},{"name":"language","value":"java"}],"links":[]}